{"C:\\software\\metologia-agil-test\\index.js": {"path":"C:\\software\\metologia-agil-test\\index.js","statementMap":{"0":{"start":{"line":1,"column":16},"end":{"line":1,"column":34}},"1":{"start":{"line":2,"column":11},"end":{"line":2,"column":26}},"2":{"start":{"line":4,"column":12},"end":{"line":4,"column":21}},"3":{"start":{"line":5,"column":15},"end":{"line":5,"column":31}},"4":{"start":{"line":7,"column":0},"end":{"line":7,"column":16}},"5":{"start":{"line":8,"column":0},"end":{"line":8,"column":24}},"6":{"start":{"line":9,"column":0},"end":{"line":9,"column":16}},"7":{"start":{"line":11,"column":0},"end":{"line":13,"column":3}},"8":{"start":{"line":12,"column":2},"end":{"line":12,"column":41}},"9":{"start":{"line":15,"column":17},"end":{"line":15,"column":63}},"10":{"start":{"line":16,"column":0},"end":{"line":16,"column":33}},"11":{"start":{"line":19,"column":13},"end":{"line":19,"column":37}},"12":{"start":{"line":20,"column":0},"end":{"line":20,"column":70}},"13":{"start":{"line":20,"column":23},"end":{"line":20,"column":68}},"14":{"start":{"line":22,"column":0},"end":{"line":22,"column":24}}},"fnMap":{"0":{"name":"(anonymous_0)","decl":{"start":{"line":11,"column":31},"end":{"line":11,"column":32}},"loc":{"start":{"line":11,"column":45},"end":{"line":13,"column":1}},"line":11},"1":{"name":"(anonymous_1)","decl":{"start":{"line":20,"column":17},"end":{"line":20,"column":18}},"loc":{"start":{"line":20,"column":23},"end":{"line":20,"column":68}},"line":20}},"branchMap":{"0":{"loc":{"start":{"line":19,"column":13},"end":{"line":19,"column":37}},"type":"binary-expr","locations":[{"start":{"line":19,"column":13},"end":{"line":19,"column":29}},{"start":{"line":19,"column":33},"end":{"line":19,"column":37}}],"line":19}},"s":{"0":1,"1":1,"2":1,"3":1,"4":1,"5":1,"6":1,"7":1,"8":1,"9":1,"10":1,"11":1,"12":1,"13":1,"14":1},"f":{"0":1,"1":1},"b":{"0":[1,1]},"_coverageSchema":"1a1c01bbd47fc00a2c39e90264f33305004495a9","hash":"ceba2d7288210b99dcae260933aee229c34846c7"}
,"C:\\software\\metologia-agil-test\\controller\\usuario\\controller-usuario.js": {"path":"C:\\software\\metologia-agil-test\\controller\\usuario\\controller-usuario.js","statementMap":{"0":{"start":{"line":1,"column":0},"end":{"line":32,"column":1}},"1":{"start":{"line":2,"column":23},"end":{"line":2,"column":25}},"2":{"start":{"line":3,"column":21},"end":{"line":3,"column":23}},"3":{"start":{"line":5,"column":4},"end":{"line":7,"column":6}},"4":{"start":{"line":6,"column":8},"end":{"line":6,"column":39}},"5":{"start":{"line":9,"column":4},"end":{"line":23,"column":6}},"6":{"start":{"line":10,"column":24},"end":{"line":10,"column":32}},"7":{"start":{"line":11,"column":8},"end":{"line":14,"column":9}},"8":{"start":{"line":12,"column":12},"end":{"line":12,"column":63}},"9":{"start":{"line":13,"column":12},"end":{"line":13,"column":19}},"10":{"start":{"line":16,"column":8},"end":{"line":19,"column":9}},"11":{"start":{"line":17,"column":12},"end":{"line":17,"column":64}},"12":{"start":{"line":18,"column":12},"end":{"line":18,"column":19}},"13":{"start":{"line":21,"column":8},"end":{"line":21,"column":30}},"14":{"start":{"line":22,"column":8},"end":{"line":22,"column":38}},"15":{"start":{"line":25,"column":4},"end":{"line":29,"column":6}},"16":{"start":{"line":26,"column":24},"end":{"line":26,"column":32}},"17":{"start":{"line":27,"column":8},"end":{"line":27,"column":29}},"18":{"start":{"line":28,"column":8},"end":{"line":28,"column":38}},"19":{"start":{"line":31,"column":4},"end":{"line":31,"column":22}}},"fnMap":{"0":{"name":"(anonymous_0)","decl":{"start":{"line":1,"column":17},"end":{"line":1,"column":18}},"loc":{"start":{"line":1,"column":23},"end":{"line":32,"column":1}},"line":1},"1":{"name":"(anonymous_1)","decl":{"start":{"line":5,"column":24},"end":{"line":5,"column":25}},"loc":{"start":{"line":5,"column":38},"end":{"line":7,"column":5}},"line":5},"2":{"name":"(anonymous_2)","decl":{"start":{"line":9,"column":24},"end":{"line":9,"column":25}},"loc":{"start":{"line":9,"column":38},"end":{"line":23,"column":5}},"line":9},"3":{"name":"(anonymous_3)","decl":{"start":{"line":25,"column":25},"end":{"line":25,"column":26}},"loc":{"start":{"line":25,"column":39},"end":{"line":29,"column":5}},"line":25}},"branchMap":{"0":{"loc":{"start":{"line":11,"column":8},"end":{"line":14,"column":9}},"type":"if","locations":[{"start":{"line":11,"column":8},"end":{"line":14,"column":9}},{"start":{},"end":{}}],"line":11},"1":{"loc":{"start":{"line":11,"column":12},"end":{"line":11,"column":54}},"type":"binary-expr","locations":[{"start":{"line":11,"column":12},"end":{"line":11,"column":32}},{"start":{"line":11,"column":36},"end":{"line":11,"column":54}}],"line":11},"2":{"loc":{"start":{"line":16,"column":8},"end":{"line":19,"column":9}},"type":"if","locations":[{"start":{"line":16,"column":8},"end":{"line":19,"column":9}},{"start":{},"end":{}}],"line":16},"3":{"loc":{"start":{"line":16,"column":12},"end":{"line":16,"column":56}},"type":"binary-expr","locations":[{"start":{"line":16,"column":12},"end":{"line":16,"column":33}},{"start":{"line":16,"column":37},"end":{"line":16,"column":56}}],"line":16}},"s":{"0":2,"1":2,"2":2,"3":2,"4":1,"5":2,"6":2,"7":2,"8":1,"9":1,"10":1,"11":0,"12":0,"13":1,"14":1,"15":2,"16":1,"17":1,"18":1,"19":2},"f":{"0":2,"1":1,"2":2,"3":1},"b":{"0":[1,1],"1":[2,2],"2":[0,1],"3":[1,1]},"_coverageSchema":"1a1c01bbd47fc00a2c39e90264f33305004495a9","hash":"de032d722be4e0cf746bffdbdc7a96dee84ab32d"}
,"C:\\software\\metologia-agil-test\\controller\\usuario\\router-usuario.js": {"path":"C:\\software\\metologia-agil-test\\controller\\usuario\\router-usuario.js","statementMap":{"0":{"start":{"line":1,"column":17},"end":{"line":1,"column":44}},"1":{"start":{"line":3,"column":25},"end":{"line":3,"column":58}},"2":{"start":{"line":5,"column":0},"end":{"line":5,"column":43}},"3":{"start":{"line":6,"column":0},"end":{"line":6,"column":44}},"4":{"start":{"line":7,"column":0},"end":{"line":7,"column":47}},"5":{"start":{"line":9,"column":0},"end":{"line":9,"column":26}}},"fnMap":{},"branchMap":{},"s":{"0":2,"1":2,"2":2,"3":2,"4":2,"5":2},"f":{},"b":{},"_coverageSchema":"1a1c01bbd47fc00a2c39e90264f33305004495a9","hash":"831c87a27c5971a90f6310be35ece31195dea911"}
}
